Arguments: 
  /usr/bin/node /usr/share/yarn/bin/yarn.js dev-server

PATH: 
  /home/shubham/bin:/home/shubham/.local/bin:/usr/local/sbin:/usr/local/bin:/usr/sbin:/usr/bin:/sbin:/bin:/usr/games:/usr/local/games:/snap/bin

Yarn version: 
  1.10.1

Node version: 
  8.11.2

Platform: 
  linux x64

Trace: 
  SyntaxError: /home/shubham/server-api/package.json: Unexpected token } in JSON at position 638
      at JSON.parse (<anonymous>)
      at /usr/share/yarn/lib/cli.js:1136:59
      at Generator.next (<anonymous>)
      at step (/usr/share/yarn/lib/cli.js:98:30)
      at /usr/share/yarn/lib/cli.js:109:13
      at <anonymous>

npm manifest: 
  {
    "dependencies": {
      "react-script": "^2.0.5"
    },
    "scripts": {
      "dev-server": "nodemon --exec \"nodemon --exec NODE_ENV=development babel-node --inspect src\"",
      "build": "babel -d ./build src && rm -rf logs && mkdir logs",
      "start": "yarn run build  && pm2 startOrRestart ecosystem.config.js ",
      "test": "rm -rf logs && mkdir logs && NODE_ENV=test jest --forceExit --runInBand",
      "deploy": "rm -rf logs && mkdir logs && pm2 deploy ecosystem.config.js staging --force",
      "lint": "eslint 'src/**/*.js'",
      "precommit": "lint-staged",
      "fix-lint": "prettier --write './src/**/*.js' && npm run-script lint"
  },
  }

yarn manifest: 
  No manifest

Lockfile: 
  # THIS IS AN AUTOGENERATED FILE. DO NOT EDIT THIS FILE DIRECTLY.
  # yarn lockfile v1
  
  
  react-script@^2.0.5:
    version "2.0.5"
    resolved "https://registry.yarnpkg.com/react-script/-/react-script-2.0.5.tgz#9dac20f97cff1fb40f5b4084e3f44b82e3001572"
    integrity sha1-nawg+Xz/H7QPW0CE4/RLguMAFXI=
